#
# There is insufficient memory for the Java Runtime Environment to continue.
# Native memory allocation (mmap) failed to map 98566144 bytes. Error detail: G1 virtual space
# Possible reasons:
#   The system is out of physical RAM or swap space
#   This process is running with CompressedOops enabled, and the Java Heap may be blocking the growth of the native heap
# Possible solutions:
#   Reduce memory load on the system
#   Increase physical memory or swap space
#   Check if swap backing store is full
#   Decrease Java heap size (-Xmx/-Xms)
#   Decrease number of Java threads
#   Decrease Java thread stack sizes (-Xss)
#   Set larger code cache with -XX:ReservedCodeCacheSize=
#   JVM is running with Unscaled Compressed Oops mode in which the Java heap is
#     placed in the first 4GB address space. The Java Heap base address is the
#     maximum limit for the native heap growth. Please use -XX:HeapBaseMinAddress
#     to set the Java Heap base and to place the Java Heap above 4GB virtual address.
# This output file may be truncated or incomplete.
#
#  Out of Memory Error (os_windows.cpp:3703), pid=32032, tid=17696
#
# JRE version:  (23.0.1+11) (build )
# Java VM: Java HotSpot(TM) 64-Bit Server VM (23.0.1+11-39, mixed mode, sharing, tiered, compressed oops, compressed class ptrs, g1 gc, windows-amd64)
# No core dump will be written. Minidumps are not enabled by default on client versions of Windows
#

---------------  S U M M A R Y ------------

Command Line: -Dfile.encoding=UTF-8 -Ddb2.jcc.charsetDecoderEncoder=3 com.ibm.db2.server.DssLauncher 3000 off c:\Users\mavis\AppData\Roaming\Code\logs\20251022T164205\window1\exthost\IBM.db2forzosdeveloperextension -Xmx256M

Host: AMD Ryzen 5 5500U with Radeon Graphics         , 12 cores, 5G,  Windows 11 , 64 bit Build 26100 (10.0.26100.5074)
Time: Wed Oct 22 16:44:22 2025 India Standard Time elapsed time: 1.335173 seconds (0d 0h 0m 1s)

---------------  T H R E A D  ---------------

Current thread (0x0000018881989fe0):  JavaThread "Unknown thread" [_thread_in_vm, id=17696, stack(0x000000141d200000,0x000000141d300000) (1024K)]

Stack: [0x000000141d200000,0x000000141d300000]
Native frames: (J=compiled Java code, j=interpreted, Vv=VM code, C=native code)
V  [jvm.dll+0x6e08b9]  (no source info available)
V  [jvm.dll+0x87dc83]  (no source info available)
V  [jvm.dll+0x88010e]  (no source info available)
V  [jvm.dll+0x8807e3]  (no source info available)
V  [jvm.dll+0x27aee6]  (no source info available)
V  [jvm.dll+0x6dd1c5]  (no source info available)
V  [jvm.dll+0x6d104a]  (no source info available)
V  [jvm.dll+0x35b3ea]  (no source info available)
V  [jvm.dll+0x3637f6]  (no source info available)
V  [jvm.dll+0x34fd5e]  (no source info available)
V  [jvm.dll+0x34fff8]  (no source info available)
V  [jvm.dll+0x3289cc]  (no source info available)
V  [jvm.dll+0x32966e]  (no source info available)
V  [jvm.dll+0x844355]  (no source info available)
V  [jvm.dll+0x3b9848]  (no source info available)
V  [jvm.dll+0x82d14c]  (no source info available)
V  [jvm.dll+0x454d4e]  (no source info available)
V  [jvm.dll+0x456bd1]  (no source info available)
C  [jli.dll+0x52a3]  (no source info available)
C  [ucrtbase.dll+0x37b0]  (no source info available)
C  [KERNEL32.DLL+0x2e8d7]  (no source info available)
C  [ntdll.dll+0x8d9c]  (no source info available)

Lock stack of current Java thread (top to bottom):


---------------  P R O C E S S  ---------------

Threads class SMR info:
_java_thread_list=0x00007ffeb5a23618, length=0, elements={
}

Java Threads: ( => current thread )
Total: 0

Other Threads:
  0x0000018883cd4340 WorkerThread "GC Thread#0"                     [id=25716, stack(0x000000141d300000,0x000000141d400000) (1024K)]
  0x0000018883ce4c20 ConcurrentGCThread "G1 Main Marker"            [id=12168, stack(0x000000141d400000,0x000000141d500000) (1024K)]
  0x0000018883ce5730 WorkerThread "G1 Conc#0"                       [id=12552, stack(0x000000141d500000,0x000000141d600000) (1024K)]

[error occurred during error reporting (printing all threads), id 0xc0000005, EXCEPTION_ACCESS_VIOLATION (0xc0000005) at pc=0x00007ffeb516bfba]
VM state: not at safepoint (not fully initialized)

VM Mutex/Monitor currently owned by a thread:  ([mutex/lock_event])
[0x00007ffeb5aa3a10] Heap_lock - owner thread: 0x0000018881989fe0

Heap address: 0x00000000a2600000, size: 1498 MB, Compressed Oops mode: 32-bit

CDS archive(s) mapped at: [0x0000000000000000-0x0000000000000000-0x0000000000000000), size 0, SharedBaseAddress: 0x0000000800000000, ArchiveRelocationMode: 1.
Narrow klass base: 0x0000000000000000, Narrow klass shift: 0, Narrow klass range: 0x0

GC Precious Log:
 CardTable entry size: 512
 Card Set container configuration: InlinePtr #cards 5 size 8 Array Of Cards #cards 10 size 36 Howl #buckets 4 coarsen threshold 1843 Howl Bitmap #cards 512 size 80 coarsen threshold 460 Card regions per heap region 1 cards per card region 2048

Heap:
 garbage-first heap   total reserved 1533952K, committed 0K, used 0K [0x00000000a2600000, 0x0000000100000000)
  region size 1024K, 0 young (0K), 0 survivors (0K)

[error occurred during error reporting (printing heap information), id 0xc0000005, EXCEPTION_ACCESS_VIOLATION (0xc0000005) at pc=0x00007ffeb556c3c9]
GC Heap History (0 events):
No events

Dll operation events (1 events):
Event: 0.189 Loaded shared library C:\Program Files\Java\jdk-23\bin\java.dll

Deoptimization events (0 events):
No events

Classes loaded (0 events):
No events

Classes unloaded (0 events):
No events

Classes redefined (0 events):
No events

Internal exceptions (0 events):
No events

VM Operations (0 events):
No events

Memory protections (0 events):
No events

Nmethod flushes (0 events):
No events

Events (0 events):
No events


Dynamic libraries:
0x00007ff77a2b0000 - 0x00007ff77a2c0000 	C:\Program Files\Java\jdk-23\bin\java.exe
0x00007fff6ace0000 - 0x00007fff6af49000 	C:\WINDOWS\SYSTEM32\ntdll.dll
0x00007fff69eb0000 - 0x00007fff69f79000 	C:\WINDOWS\System32\KERNEL32.DLL
0x00007fff68490000 - 0x00007fff68883000 	C:\WINDOWS\System32\KERNELBASE.dll
0x00007fff68210000 - 0x00007fff6835b000 	C:\WINDOWS\System32\ucrtbase.dll
0x00007fff37200000 - 0x00007fff37217000 	C:\Program Files\Java\jdk-23\bin\jli.dll
0x00007fff6aad0000 - 0x00007fff6ac94000 	C:\WINDOWS\System32\USER32.dll
0x00007fff681e0000 - 0x00007fff68207000 	C:\WINDOWS\System32\win32u.dll
0x00007fff69a20000 - 0x00007fff69a4b000 	C:\WINDOWS\System32\GDI32.dll
0x00007fff68360000 - 0x00007fff6848d000 	C:\WINDOWS\System32\gdi32full.dll
0x00007fff68890000 - 0x00007fff68933000 	C:\WINDOWS\System32\msvcp_win.dll
0x00007fff37180000 - 0x00007fff3719b000 	C:\Program Files\Java\jdk-23\bin\VCRUNTIME140.dll
0x00007fff51a50000 - 0x00007fff51ce3000 	C:\WINDOWS\WinSxS\amd64_microsoft.windows.common-controls_6595b64144ccf1df_6.0.26100.5074_none_3e0d6f78e32fd63f\COMCTL32.dll
0x00007fff6a9a0000 - 0x00007fff6aa49000 	C:\WINDOWS\System32\msvcrt.dll
0x00007fff69560000 - 0x00007fff6958f000 	C:\WINDOWS\System32\IMM32.DLL
0x00007fff64850000 - 0x00007fff6485c000 	C:\Program Files\Java\jdk-23\bin\vcruntime140_1.dll
0x00007fff29dc0000 - 0x00007fff29e4e000 	C:\Program Files\Java\jdk-23\bin\msvcp140.dll
0x00007ffeb4e30000 - 0x00007ffeb5b7f000 	C:\Program Files\Java\jdk-23\bin\server\jvm.dll
0x00007fff68ab0000 - 0x00007fff68b64000 	C:\WINDOWS\System32\ADVAPI32.dll
0x00007fff6a5d0000 - 0x00007fff6a676000 	C:\WINDOWS\System32\sechost.dll
0x00007fff6a6a0000 - 0x00007fff6a7b8000 	C:\WINDOWS\System32\RPCRT4.dll
0x00007fff69d50000 - 0x00007fff69dc4000 	C:\WINDOWS\System32\WS2_32.dll
0x00007fff67cd0000 - 0x00007fff67d2e000 	C:\WINDOWS\SYSTEM32\POWRPROF.dll
0x00007fff5f790000 - 0x00007fff5f7c5000 	C:\WINDOWS\SYSTEM32\WINMM.dll
0x00007fff60180000 - 0x00007fff6018b000 	C:\WINDOWS\SYSTEM32\VERSION.dll
0x00007fff67cb0000 - 0x00007fff67cc4000 	C:\WINDOWS\SYSTEM32\UMPDC.dll
0x00007fff66c50000 - 0x00007fff66c6b000 	C:\WINDOWS\SYSTEM32\kernel.appcore.dll
0x00007fff5bc80000 - 0x00007fff5bc8a000 	C:\Program Files\Java\jdk-23\bin\jimage.dll
0x00007fff65840000 - 0x00007fff65a82000 	C:\WINDOWS\SYSTEM32\DBGHELP.DLL
0x00007fff695a0000 - 0x00007fff6991b000 	C:\WINDOWS\System32\combase.dll
0x00007fff69dd0000 - 0x00007fff69ea7000 	C:\WINDOWS\System32\OLEAUT32.dll
0x00007fff51800000 - 0x00007fff5183d000 	C:\WINDOWS\SYSTEM32\dbgcore.DLL
0x00007fff67e70000 - 0x00007fff67f09000 	C:\WINDOWS\System32\bcryptPrimitives.dll
0x00007fff37060000 - 0x00007fff3707e000 	C:\Program Files\Java\jdk-23\bin\java.dll
0x00007fff69a50000 - 0x00007fff69be8000 	C:\WINDOWS\System32\ole32.dll
0x00007fff68e00000 - 0x00007fff6954d000 	C:\WINDOWS\System32\SHELL32.dll
0x00007fff68940000 - 0x00007fff68aac000 	C:\WINDOWS\System32\wintypes.dll

dbghelp: loaded successfully - version: 4.0.5 - missing functions: none
symbol engine: initialized successfully - sym options: 0x614 - pdb path: .;C:\Program Files\Java\jdk-23\bin;C:\WINDOWS\SYSTEM32;C:\WINDOWS\WinSxS\amd64_microsoft.windows.common-controls_6595b64144ccf1df_6.0.26100.5074_none_3e0d6f78e32fd63f;C:\Program Files\Java\jdk-23\bin\server

VM Arguments:
jvm_args: -Dfile.encoding=UTF-8 -Ddb2.jcc.charsetDecoderEncoder=3 
java_command: com.ibm.db2.server.DssLauncher 3000 off c:\Users\mavis\AppData\Roaming\Code\logs\20251022T164205\window1\exthost\IBM.db2forzosdeveloperextension -Xmx256M
java_class_path (initial): c:\Users\mavis\.vscode\extensions\ibm.db2forzosdeveloperextension-2.2.4\dist\dss-dist-1-SNAPSHOT.jar;;c:\Users\mavis\.vscode\extensions\ibm.db2forzosdeveloperextension-2.2.4\lib\db2jcc4.jar;c:\Users\mavis\.vscode\extensions\ibm.db2forzosdeveloperextension-2.2.4\lib\sqlj4.zip
Launcher Type: SUN_STANDARD

[Global flags]
     intx CICompilerCount                          = 4                                         {product} {ergonomic}
     uint ConcGCThreads                            = 3                                         {product} {ergonomic}
     uint G1ConcRefinementThreads                  = 10                                        {product} {ergonomic}
   size_t G1HeapRegionSize                         = 1048576                                   {product} {ergonomic}
   size_t InitialHeapSize                          = 98566144                                  {product} {ergonomic}
   size_t MarkStackSize                            = 4194304                                   {product} {ergonomic}
   size_t MarkStackSizeMax                         = 536870912                                 {product} {ergonomic}
   size_t MaxHeapSize                              = 1570766848                                {product} {ergonomic}
   size_t MinHeapDeltaBytes                        = 1048576                                   {product} {ergonomic}
   size_t MinHeapSize                              = 8388608                                   {product} {ergonomic}
    uintx NonNMethodCodeHeapSize                   = 5832704                                {pd product} {ergonomic}
    uintx NonProfiledCodeHeapSize                  = 122945536                              {pd product} {ergonomic}
    uintx ProfiledCodeHeapSize                     = 122880000                              {pd product} {ergonomic}
    uintx ReservedCodeCacheSize                    = 251658240                              {pd product} {ergonomic}
     bool SegmentedCodeCache                       = true                                      {product} {ergonomic}
   size_t SoftMaxHeapSize                          = 1570766848                             {manageable} {ergonomic}
     bool UseCompressedOops                        = true                           {product lp64_product} {ergonomic}
     bool UseG1GC                                  = true                                      {product} {ergonomic}
     bool UseLargePagesIndividualAllocation        = false                                  {pd product} {ergonomic}

Logging:
Log output configuration:
 #0: stdout all=warning uptime,level,tags foldmultilines=false
 #1: stderr all=off uptime,level,tags foldmultilines=false

Environment Variables:
PATH=C:\Python313\Scripts\;C:\Python313\;C:\Program Files\Eclipse Adoptium\jdk-17.0.15.6-hotspot\bin;C:\app\mavis\product\23ai\dbhomeFree\bin;C:\Program Files\Common Files\Oracle\Java\javapath;C:\WINDOWS\system32;C:\WINDOWS;C:\WINDOWS\System32\Wbem;C:\WINDOWS\System32\WindowsPowerShell\v1.0\;C:\WINDOWS\System32\OpenSSH\;C:\Program Files\Git\cmd;C:\Users\mavis\Downloads\mysql-9.1.0-winx64.msi;C:\Program Files\MySQL\MySQL Server 8.0\bin;C:\ProgramData\chocolatey\bin;C:\Users\mavis\Downloads\apache-maven-3.9.9-bin\apache-maven-3.9.9\bin;C:\Users\mavis\Downloads\apache-maven-3.9.9-bin\apache-maven-3.9.9;C:\Program Files\GitHub CLI\;C:\Program Files\dotnet\;C:\Users\mavis\AppData\Local\Programs\Python\Python311;C:\Users\mavis\AppData\Local\Programs\Python\Python311\Scripts;;C:\Program Files\Docker\Docker\resources\bin;C:\Program Files\nodejs\;C:\Users\mavis\.pyenv\\bin;C:\Users\mavis\.pyenv\\shims;C:\Python313\Scripts\;C:\Python313\;C:\app\mavis\product\23ai\dbhomeFree\bin;C:\Program Files\Common Files\Oracle\Java\javapath;C:\Windows\system32;C:\Windows;C:\Windows\System32\Wbem;C:\Windows\System32\WindowsPowerShell\v1.0\;C:\Windows\System32\OpenSSH\;C:\Program Files\Git\cmd;C:\Users\mavis\Downloads\mysql-9.1.0-winx64.msi;C:\Program Files\MySQL\MySQL Server 8.0\bin;C:\ProgramData\chocolatey\bin;C:\Program Files\nodejs\;C:\Users\mavis\Downloads\apache-maven-3.9.9-bin\apache-maven-3.9.9\bin;C:\Users\mavis\Downloads\apache-maven-3.9.9-bin\apache-maven-3.9.9;C:\Program Files\GitHub CLI\;C:\Program Files\dotnet\;C:\Program Files\MySQL\MySQL Shell 8.0\bin\;C:\Users\mavis\AppData\Local\Microsoft\WindowsApps;C:\Users\mavis\AppData\Local\Programs\Microsoft VS Code\bin;C:\Users\mavis\AppData\Local\Microsoft\WinGet\Packages\Schniz.fnm_Microsoft.Winget.Source_8wekyb3d8bbwe;C:\Users\mavis\AppData\Local\Programs\Windsurf\bin;C:\Users\mavis\.dotnet\tools;C:\Users\mavis\AppData\Local\Microsoft\WinGet\Links;C:\Users\mavis\AppData\Roaming\npm;C:\Users\mavis\AppData\Local\Microsoft\WindowsApps;
USERNAME=mavis
OS=Windows_NT
PROCESSOR_IDENTIFIER=AMD64 Family 23 Model 104 Stepping 1, AuthenticAMD
TMP=C:\Users\mavis\AppData\Local\Temp
TEMP=C:\Users\mavis\AppData\Local\Temp




Periodic native trim disabled

---------------  S Y S T E M  ---------------

OS:
 Windows 11 , 64 bit Build 26100 (10.0.26100.5074)
OS uptime: 24 days 23:40 hours
Hyper-V role detected

CPU: total 12 (initial active 12) (12 cores per cpu, 2 threads per core) family 23 model 104 stepping 1 microcode 0x8608103, cx8, cmov, fxsr, ht, mmx, 3dnowpref, sse, sse2, sse3, ssse3, sse4a, sse4.1, sse4.2, popcnt, lzcnt, tsc, tscinvbit, avx, avx2, aes, clmul, bmi1, bmi2, adx, sha, fma, vzeroupper, clflush, clflushopt, hv, rdtscp, rdpid, f16c
Processor Information for the first 12 processors :
  Max Mhz: 2100, Current Mhz: 2100, Mhz Limit: 2100

Memory: 4k page, system-wide physical 5989M (15M free)
TotalPageFile size 24421M (AvailPageFile size 14M)
current process WorkingSet (physical memory assigned to process): 13M, peak: 13M
current process commit charge ("private bytes"): 64M, peak: 158M

vm_info: Java HotSpot(TM) 64-Bit Server VM (23.0.1+11-39) for windows-amd64 JRE (23.0.1+11-39), built on 2024-09-30T07:20:43Z with MS VC++ 17.6 (VS2022)

END.
