#
# There is insufficient memory for the Java Runtime Environment to continue.
# Native memory allocation (malloc) failed to allocate 134656 bytes. Error detail: Chunk::new
# Possible reasons:
#   The system is out of physical RAM or swap space
#   This process is running with CompressedOops enabled, and the Java Heap may be blocking the growth of the native heap
# Possible solutions:
#   Reduce memory load on the system
#   Increase physical memory or swap space
#   Check if swap backing store is full
#   Decrease Java heap size (-Xmx/-Xms)
#   Decrease number of Java threads
#   Decrease Java thread stack sizes (-Xss)
#   Set larger code cache with -XX:ReservedCodeCacheSize=
#   JVM is running with Unscaled Compressed Oops mode in which the Java heap is
#     placed in the first 4GB address space. The Java Heap base address is the
#     maximum limit for the native heap growth. Please use -XX:HeapBaseMinAddress
#     to set the Java Heap base and to place the Java Heap above 4GB virtual address.
# This output file may be truncated or incomplete.
#
#  Out of Memory Error (arena.cpp:149), pid=476, tid=33664
#
# JRE version: Java(TM) SE Runtime Environment (23.0.1+11) (build 23.0.1+11-39)
# Java VM: Java HotSpot(TM) 64-Bit Server VM (23.0.1+11-39, mixed mode, sharing, tiered, compressed oops, compressed class ptrs, g1 gc, windows-amd64)
# No core dump will be written. Minidumps are not enabled by default on client versions of Windows
#

---------------  S U M M A R Y ------------

Command Line: -Dfile.encoding=UTF-8 -Ddb2.jcc.charsetDecoderEncoder=3 com.ibm.db2.server.DssLauncher 3000 off c:\Users\mavis\AppData\Roaming\Code\logs\20251022T164205\window6\exthost\IBM.db2forzosdeveloperextension -Xmx256M

Host: AMD Ryzen 5 5500U with Radeon Graphics         , 12 cores, 5G,  Windows 11 , 64 bit Build 26100 (10.0.26100.5074)
Time: Wed Oct 22 17:15:04 2025 India Standard Time elapsed time: 8.212181 seconds (0d 0h 0m 8s)

---------------  T H R E A D  ---------------

Current thread (0x0000016e6d8996a0):  JavaThread "C2 CompilerThread0" daemon [_thread_in_native, id=33664, stack(0x0000000f68400000,0x0000000f68500000) (1024K)]


Current CompileTask:
C2:8212 1532       4       java.util.ArrayList::add (25 bytes)

Stack: [0x0000000f68400000,0x0000000f68500000]
Native frames: (J=compiled Java code, j=interpreted, Vv=VM code, C=native code)
V  [jvm.dll+0x6e08b9]  (no source info available)
V  [jvm.dll+0x87dc83]  (no source info available)
V  [jvm.dll+0x88010e]  (no source info available)
V  [jvm.dll+0x8807e3]  (no source info available)
V  [jvm.dll+0x27aee6]  (no source info available)
V  [jvm.dll+0xbc06f]  (no source info available)
V  [jvm.dll+0xbc2cb]  (no source info available)
V  [jvm.dll+0x3b3a9c]  (no source info available)
V  [jvm.dll+0x38a42b]  (no source info available)
V  [jvm.dll+0x38989a]  (no source info available)
V  [jvm.dll+0x244aa1]  (no source info available)
V  [jvm.dll+0x243dff]  (no source info available)
V  [jvm.dll+0x1c33a0]  (no source info available)
V  [jvm.dll+0x253cf1]  (no source info available)
V  [jvm.dll+0x251faa]  (no source info available)
V  [jvm.dll+0x3ee036]  (no source info available)
V  [jvm.dll+0x824f8b]  (no source info available)
V  [jvm.dll+0x6df065]  (no source info available)
C  [ucrtbase.dll+0x37b0]  (no source info available)
C  [KERNEL32.DLL+0x2e8d7]  (no source info available)
C  [ntdll.dll+0x8d9c]  (no source info available)

Lock stack of current Java thread (top to bottom):


---------------  P R O C E S S  ---------------

Threads class SMR info:
_java_thread_list=0x0000016e4582f110, length=11, elements={
0x0000016e5128f670, 0x0000016e6d87bb70, 0x0000016e6d87f6f0, 0x0000016e6d886960,
0x0000016e6d8893d0, 0x0000016e6d88b2f0, 0x0000016e6d88d8d0, 0x0000016e6d8996a0,
0x0000016e6d8a3490, 0x0000016e4511f540, 0x0000016e45128600
}

Java Threads: ( => current thread )
  0x0000016e5128f670 JavaThread "main"                              [_thread_in_native, id=24532, stack(0x0000000f67600000,0x0000000f67700000) (1024K)]
  0x0000016e6d87bb70 JavaThread "Reference Handler"          daemon [_thread_blocked, id=26928, stack(0x0000000f67e00000,0x0000000f67f00000) (1024K)]
  0x0000016e6d87f6f0 JavaThread "Finalizer"                  daemon [_thread_blocked, id=27724, stack(0x0000000f67f00000,0x0000000f68000000) (1024K)]
  0x0000016e6d886960 JavaThread "Signal Dispatcher"          daemon [_thread_blocked, id=15356, stack(0x0000000f68000000,0x0000000f68100000) (1024K)]
  0x0000016e6d8893d0 JavaThread "Attach Listener"            daemon [_thread_blocked, id=9868, stack(0x0000000f68100000,0x0000000f68200000) (1024K)]
  0x0000016e6d88b2f0 JavaThread "Service Thread"             daemon [_thread_blocked, id=22496, stack(0x0000000f68200000,0x0000000f68300000) (1024K)]
  0x0000016e6d88d8d0 JavaThread "Monitor Deflation Thread"   daemon [_thread_blocked, id=23972, stack(0x0000000f68300000,0x0000000f68400000) (1024K)]
=>0x0000016e6d8996a0 JavaThread "C2 CompilerThread0"         daemon [_thread_in_native, id=33664, stack(0x0000000f68400000,0x0000000f68500000) (1024K)]
  0x0000016e6d8a3490 JavaThread "C1 CompilerThread0"         daemon [_thread_blocked, id=21300, stack(0x0000000f68500000,0x0000000f68600000) (1024K)]
  0x0000016e4511f540 JavaThread "Notification Thread"        daemon [_thread_blocked, id=25816, stack(0x0000000f68600000,0x0000000f68700000) (1024K)]
  0x0000016e45128600 JavaThread "Common-Cleaner"             daemon [_thread_blocked, id=5772, stack(0x0000000f68700000,0x0000000f68800000) (1024K)]
Total: 11

Other Threads:
  0x0000016e6d8677e0 VMThread "VM Thread"                           [id=4832, stack(0x0000000f67d00000,0x0000000f67e00000) (1024K)]
  0x0000016e6d852ab0 WatcherThread "VM Periodic Task Thread"        [id=34596, stack(0x0000000f67c00000,0x0000000f67d00000) (1024K)]
  0x0000016e512d46c0 WorkerThread "GC Thread#0"                     [id=35312, stack(0x0000000f67700000,0x0000000f67800000) (1024K)]
  0x0000016e512e50c0 ConcurrentGCThread "G1 Main Marker"            [id=22664, stack(0x0000000f67800000,0x0000000f67900000) (1024K)]
  0x0000016e512e5bd0 WorkerThread "G1 Conc#0"                       [id=25528, stack(0x0000000f67900000,0x0000000f67a00000) (1024K)]
  0x0000016e6d7224c0 ConcurrentGCThread "G1 Refine#0"               [id=33168, stack(0x0000000f67a00000,0x0000000f67b00000) (1024K)]
  0x0000016e5134de20 ConcurrentGCThread "G1 Service"                [id=25964, stack(0x0000000f67b00000,0x0000000f67c00000) (1024K)]
Total: 7

Threads with active compile tasks:
C2 CompilerThread0  9478 1532       4       java.util.ArrayList::add (25 bytes)
Total: 1

VM state: not at safepoint (normal execution)

VM Mutex/Monitor currently owned by a thread: None

Heap address: 0x00000000a2600000, size: 1498 MB, Compressed Oops mode: 32-bit

CDS archive(s) mapped at: [0x0000016e00000000-0x0000016e00d70000-0x0000016e00d70000), size 14090240, SharedBaseAddress: 0x0000016e00000000, ArchiveRelocationMode: 1.
Compressed class space mapped at: 0x0000016e01000000-0x0000016e41000000, reserved size: 1073741824
Narrow klass base: 0x0000016e00000000, Narrow klass shift: 0, Narrow klass range: 0x41000000

GC Precious Log:
 CardTable entry size: 512
 Card Set container configuration: InlinePtr #cards 5 size 8 Array Of Cards #cards 10 size 36 Howl #buckets 4 coarsen threshold 1843 Howl Bitmap #cards 512 size 80 coarsen threshold 460 Card regions per heap region 1 cards per card region 2048
 CPUs: 12 total, 12 available
 Memory: 5989M
 Large Page Support: Disabled
 NUMA Support: Disabled
 Compressed Oops: Enabled (32-bit)
 Heap Region Size: 1M
 Heap Min Capacity: 8M
 Heap Initial Capacity: 94M
 Heap Max Capacity: 1498M
 Pre-touch: Disabled
 Parallel Workers: 10
 Concurrent Workers: 3
 Concurrent Refinement Workers: 10
 Periodic GC: Disabled

Heap:
 garbage-first heap   total reserved 1533952K, committed 96256K, used 22528K [0x00000000a2600000, 0x0000000100000000)
  region size 1024K, 22 young (22528K), 0 survivors (0K)
 Metaspace       used 8195K, committed 8512K, reserved 1114112K
  class space    used 1012K, committed 1152K, reserved 1048576K

Heap Regions: E=young(eden), S=young(survivor), O=old, HS=humongous(starts), HC=humongous(continues), CS=collection set, F=free, TAMS=top-at-mark-start, PB=parsable bottom
|   0|0x00000000a2600000, 0x00000000a2700000, 0x00000000a2700000|100%|HS|  |TAMS 0x00000000a2600000| PB 0x00000000a2600000| Complete |  0
|   1|0x00000000a2700000, 0x00000000a2700000, 0x00000000a2800000|  0%| F|  |TAMS 0x00000000a2700000| PB 0x00000000a2700000| Untracked |  0
|   2|0x00000000a2800000, 0x00000000a2800000, 0x00000000a2900000|  0%| F|  |TAMS 0x00000000a2800000| PB 0x00000000a2800000| Untracked |  0
|   3|0x00000000a2900000, 0x00000000a2900000, 0x00000000a2a00000|  0%| F|  |TAMS 0x00000000a2900000| PB 0x00000000a2900000| Untracked |  0
|   4|0x00000000a2a00000, 0x00000000a2a00000, 0x00000000a2b00000|  0%| F|  |TAMS 0x00000000a2a00000| PB 0x00000000a2a00000| Untracked |  0
|   5|0x00000000a2b00000, 0x00000000a2b00000, 0x00000000a2c00000|  0%| F|  |TAMS 0x00000000a2b00000| PB 0x00000000a2b00000| Untracked |  0
|   6|0x00000000a2c00000, 0x00000000a2c00000, 0x00000000a2d00000|  0%| F|  |TAMS 0x00000000a2c00000| PB 0x00000000a2c00000| Untracked |  0
|   7|0x00000000a2d00000, 0x00000000a2d00000, 0x00000000a2e00000|  0%| F|  |TAMS 0x00000000a2d00000| PB 0x00000000a2d00000| Untracked |  0
|   8|0x00000000a2e00000, 0x00000000a2e00000, 0x00000000a2f00000|  0%| F|  |TAMS 0x00000000a2e00000| PB 0x00000000a2e00000| Untracked |  0
|   9|0x00000000a2f00000, 0x00000000a2f00000, 0x00000000a3000000|  0%| F|  |TAMS 0x00000000a2f00000| PB 0x00000000a2f00000| Untracked |  0
|  10|0x00000000a3000000, 0x00000000a3000000, 0x00000000a3100000|  0%| F|  |TAMS 0x00000000a3000000| PB 0x00000000a3000000| Untracked |  0
|  11|0x00000000a3100000, 0x00000000a3100000, 0x00000000a3200000|  0%| F|  |TAMS 0x00000000a3100000| PB 0x00000000a3100000| Untracked |  0
|  12|0x00000000a3200000, 0x00000000a3200000, 0x00000000a3300000|  0%| F|  |TAMS 0x00000000a3200000| PB 0x00000000a3200000| Untracked |  0
|  13|0x00000000a3300000, 0x00000000a3300000, 0x00000000a3400000|  0%| F|  |TAMS 0x00000000a3300000| PB 0x00000000a3300000| Untracked |  0
|  14|0x00000000a3400000, 0x00000000a3400000, 0x00000000a3500000|  0%| F|  |TAMS 0x00000000a3400000| PB 0x00000000a3400000| Untracked |  0
|  15|0x00000000a3500000, 0x00000000a3500000, 0x00000000a3600000|  0%| F|  |TAMS 0x00000000a3500000| PB 0x00000000a3500000| Untracked |  0
|  16|0x00000000a3600000, 0x00000000a3600000, 0x00000000a3700000|  0%| F|  |TAMS 0x00000000a3600000| PB 0x00000000a3600000| Untracked |  0
|  17|0x00000000a3700000, 0x00000000a3700000, 0x00000000a3800000|  0%| F|  |TAMS 0x00000000a3700000| PB 0x00000000a3700000| Untracked |  0
|  18|0x00000000a3800000, 0x00000000a3800000, 0x00000000a3900000|  0%| F|  |TAMS 0x00000000a3800000| PB 0x00000000a3800000| Untracked |  0
|  19|0x00000000a3900000, 0x00000000a3900000, 0x00000000a3a00000|  0%| F|  |TAMS 0x00000000a3900000| PB 0x00000000a3900000| Untracked |  0
|  20|0x00000000a3a00000, 0x00000000a3a00000, 0x00000000a3b00000|  0%| F|  |TAMS 0x00000000a3a00000| PB 0x00000000a3a00000| Untracked |  0
|  21|0x00000000a3b00000, 0x00000000a3b00000, 0x00000000a3c00000|  0%| F|  |TAMS 0x00000000a3b00000| PB 0x00000000a3b00000| Untracked |  0
|  22|0x00000000a3c00000, 0x00000000a3c00000, 0x00000000a3d00000|  0%| F|  |TAMS 0x00000000a3c00000| PB 0x00000000a3c00000| Untracked |  0
|  23|0x00000000a3d00000, 0x00000000a3d00000, 0x00000000a3e00000|  0%| F|  |TAMS 0x00000000a3d00000| PB 0x00000000a3d00000| Untracked |  0
|  24|0x00000000a3e00000, 0x00000000a3e00000, 0x00000000a3f00000|  0%| F|  |TAMS 0x00000000a3e00000| PB 0x00000000a3e00000| Untracked |  0
|  25|0x00000000a3f00000, 0x00000000a3f00000, 0x00000000a4000000|  0%| F|  |TAMS 0x00000000a3f00000| PB 0x00000000a3f00000| Untracked |  0
|  26|0x00000000a4000000, 0x00000000a4000000, 0x00000000a4100000|  0%| F|  |TAMS 0x00000000a4000000| PB 0x00000000a4000000| Untracked |  0
|  27|0x00000000a4100000, 0x00000000a4100000, 0x00000000a4200000|  0%| F|  |TAMS 0x00000000a4100000| PB 0x00000000a4100000| Untracked |  0
|  28|0x00000000a4200000, 0x00000000a4200000, 0x00000000a4300000|  0%| F|  |TAMS 0x00000000a4200000| PB 0x00000000a4200000| Untracked |  0
|  29|0x00000000a4300000, 0x00000000a4300000, 0x00000000a4400000|  0%| F|  |TAMS 0x00000000a4300000| PB 0x00000000a4300000| Untracked |  0
|  30|0x00000000a4400000, 0x00000000a4400000, 0x00000000a4500000|  0%| F|  |TAMS 0x00000000a4400000| PB 0x00000000a4400000| Untracked |  0
|  31|0x00000000a4500000, 0x00000000a4500000, 0x00000000a4600000|  0%| F|  |TAMS 0x00000000a4500000| PB 0x00000000a4500000| Untracked |  0
|  32|0x00000000a4600000, 0x00000000a4600000, 0x00000000a4700000|  0%| F|  |TAMS 0x00000000a4600000| PB 0x00000000a4600000| Untracked |  0
|  33|0x00000000a4700000, 0x00000000a4700000, 0x00000000a4800000|  0%| F|  |TAMS 0x00000000a4700000| PB 0x00000000a4700000| Untracked |  0
|  34|0x00000000a4800000, 0x00000000a4800000, 0x00000000a4900000|  0%| F|  |TAMS 0x00000000a4800000| PB 0x00000000a4800000| Untracked |  0
|  35|0x00000000a4900000, 0x00000000a4900000, 0x00000000a4a00000|  0%| F|  |TAMS 0x00000000a4900000| PB 0x00000000a4900000| Untracked |  0
|  36|0x00000000a4a00000, 0x00000000a4a00000, 0x00000000a4b00000|  0%| F|  |TAMS 0x00000000a4a00000| PB 0x00000000a4a00000| Untracked |  0
|  37|0x00000000a4b00000, 0x00000000a4b00000, 0x00000000a4c00000|  0%| F|  |TAMS 0x00000000a4b00000| PB 0x00000000a4b00000| Untracked |  0
|  38|0x00000000a4c00000, 0x00000000a4c00000, 0x00000000a4d00000|  0%| F|  |TAMS 0x00000000a4c00000| PB 0x00000000a4c00000| Untracked |  0
|  39|0x00000000a4d00000, 0x00000000a4d00000, 0x00000000a4e00000|  0%| F|  |TAMS 0x00000000a4d00000| PB 0x00000000a4d00000| Untracked |  0
|  40|0x00000000a4e00000, 0x00000000a4e00000, 0x00000000a4f00000|  0%| F|  |TAMS 0x00000000a4e00000| PB 0x00000000a4e00000| Untracked |  0
|  41|0x00000000a4f00000, 0x00000000a4f00000, 0x00000000a5000000|  0%| F|  |TAMS 0x00000000a4f00000| PB 0x00000000a4f00000| Untracked |  0
|  42|0x00000000a5000000, 0x00000000a5000000, 0x00000000a5100000|  0%| F|  |TAMS 0x00000000a5000000| PB 0x00000000a5000000| Untracked |  0
|  43|0x00000000a5100000, 0x00000000a5100000, 0x00000000a5200000|  0%| F|  |TAMS 0x00000000a5100000| PB 0x00000000a5100000| Untracked |  0
|  44|0x00000000a5200000, 0x00000000a5200000, 0x00000000a5300000|  0%| F|  |TAMS 0x00000000a5200000| PB 0x00000000a5200000| Untracked |  0
|  45|0x00000000a5300000, 0x00000000a5300000, 0x00000000a5400000|  0%| F|  |TAMS 0x00000000a5300000| PB 0x00000000a5300000| Untracked |  0
|  46|0x00000000a5400000, 0x00000000a5400000, 0x00000000a5500000|  0%| F|  |TAMS 0x00000000a5400000| PB 0x00000000a5400000| Untracked |  0
|  47|0x00000000a5500000, 0x00000000a5500000, 0x00000000a5600000|  0%| F|  |TAMS 0x00000000a5500000| PB 0x00000000a5500000| Untracked |  0
|  48|0x00000000a5600000, 0x00000000a5600000, 0x00000000a5700000|  0%| F|  |TAMS 0x00000000a5600000| PB 0x00000000a5600000| Untracked |  0
|  49|0x00000000a5700000, 0x00000000a5700000, 0x00000000a5800000|  0%| F|  |TAMS 0x00000000a5700000| PB 0x00000000a5700000| Untracked |  0
|  50|0x00000000a5800000, 0x00000000a5800000, 0x00000000a5900000|  0%| F|  |TAMS 0x00000000a5800000| PB 0x00000000a5800000| Untracked |  0
|  51|0x00000000a5900000, 0x00000000a5900000, 0x00000000a5a00000|  0%| F|  |TAMS 0x00000000a5900000| PB 0x00000000a5900000| Untracked |  0
|  52|0x00000000a5a00000, 0x00000000a5a00000, 0x00000000a5b00000|  0%| F|  |TAMS 0x00000000a5a00000| PB 0x00000000a5a00000| Untracked |  0
|  53|0x00000000a5b00000, 0x00000000a5b00000, 0x00000000a5c00000|  0%| F|  |TAMS 0x00000000a5b00000| PB 0x00000000a5b00000| Untracked |  0
|  54|0x00000000a5c00000, 0x00000000a5c00000, 0x00000000a5d00000|  0%| F|  |TAMS 0x00000000a5c00000| PB 0x00000000a5c00000| Untracked |  0
|  55|0x00000000a5d00000, 0x00000000a5d00000, 0x00000000a5e00000|  0%| F|  |TAMS 0x00000000a5d00000| PB 0x00000000a5d00000| Untracked |  0
|  56|0x00000000a5e00000, 0x00000000a5e00000, 0x00000000a5f00000|  0%| F|  |TAMS 0x00000000a5e00000| PB 0x00000000a5e00000| Untracked |  0
|  57|0x00000000a5f00000, 0x00000000a5f00000, 0x00000000a6000000|  0%| F|  |TAMS 0x00000000a5f00000| PB 0x00000000a5f00000| Untracked |  0
|  58|0x00000000a6000000, 0x00000000a6000000, 0x00000000a6100000|  0%| F|  |TAMS 0x00000000a6000000| PB 0x00000000a6000000| Untracked |  0
|  59|0x00000000a6100000, 0x00000000a6100000, 0x00000000a6200000|  0%| F|  |TAMS 0x00000000a6100000| PB 0x00000000a6100000| Untracked |  0
|  60|0x00000000a6200000, 0x00000000a6200000, 0x00000000a6300000|  0%| F|  |TAMS 0x00000000a6200000| PB 0x00000000a6200000| Untracked |  0
|  61|0x00000000a6300000, 0x00000000a6300000, 0x00000000a6400000|  0%| F|  |TAMS 0x00000000a6300000| PB 0x00000000a6300000| Untracked |  0
|  62|0x00000000a6400000, 0x00000000a6400000, 0x00000000a6500000|  0%| F|  |TAMS 0x00000000a6400000| PB 0x00000000a6400000| Untracked |  0
|  63|0x00000000a6500000, 0x00000000a6500000, 0x00000000a6600000|  0%| F|  |TAMS 0x00000000a6500000| PB 0x00000000a6500000| Untracked |  0
|  64|0x00000000a6600000, 0x00000000a6600000, 0x00000000a6700000|  0%| F|  |TAMS 0x00000000a6600000| PB 0x00000000a6600000| Untracked |  0
|  65|0x00000000a6700000, 0x00000000a6700000, 0x00000000a6800000|  0%| F|  |TAMS 0x00000000a6700000| PB 0x00000000a6700000| Untracked |  0
|  66|0x00000000a6800000, 0x00000000a6800000, 0x00000000a6900000|  0%| F|  |TAMS 0x00000000a6800000| PB 0x00000000a6800000| Untracked |  0
|  67|0x00000000a6900000, 0x00000000a6900000, 0x00000000a6a00000|  0%| F|  |TAMS 0x00000000a6900000| PB 0x00000000a6900000| Untracked |  0
|  68|0x00000000a6a00000, 0x00000000a6a00000, 0x00000000a6b00000|  0%| F|  |TAMS 0x00000000a6a00000| PB 0x00000000a6a00000| Untracked |  0
|  69|0x00000000a6b00000, 0x00000000a6b00000, 0x00000000a6c00000|  0%| F|  |TAMS 0x00000000a6b00000| PB 0x00000000a6b00000| Untracked |  0
|  70|0x00000000a6c00000, 0x00000000a6c00000, 0x00000000a6d00000|  0%| F|  |TAMS 0x00000000a6c00000| PB 0x00000000a6c00000| Untracked |  0
|  71|0x00000000a6d00000, 0x00000000a6d00000, 0x00000000a6e00000|  0%| F|  |TAMS 0x00000000a6d00000| PB 0x00000000a6d00000| Untracked |  0
|  72|0x00000000a6e00000, 0x00000000a6e7ae60, 0x00000000a6f00000| 48%| E|  |TAMS 0x00000000a6e00000| PB 0x00000000a6e00000| Complete |  0
|  73|0x00000000a6f00000, 0x00000000a7000000, 0x00000000a7000000|100%| E|CS|TAMS 0x00000000a6f00000| PB 0x00000000a6f00000| Complete |  0
|  74|0x00000000a7000000, 0x00000000a7100000, 0x00000000a7100000|100%| E|CS|TAMS 0x00000000a7000000| PB 0x00000000a7000000| Complete |  0
|  75|0x00000000a7100000, 0x00000000a7200000, 0x00000000a7200000|100%| E|CS|TAMS 0x00000000a7100000| PB 0x00000000a7100000| Complete |  0
|  76|0x00000000a7200000, 0x00000000a7300000, 0x00000000a7300000|100%| E|CS|TAMS 0x00000000a7200000| PB 0x00000000a7200000| Complete |  0
|  77|0x00000000a7300000, 0x00000000a7400000, 0x00000000a7400000|100%| E|CS|TAMS 0x00000000a7300000| PB 0x00000000a7300000| Complete |  0
|  78|0x00000000a7400000, 0x00000000a7500000, 0x00000000a7500000|100%| E|CS|TAMS 0x00000000a7400000| PB 0x00000000a7400000| Complete |  0
|  79|0x00000000a7500000, 0x00000000a7600000, 0x00000000a7600000|100%| E|CS|TAMS 0x00000000a7500000| PB 0x00000000a7500000| Complete |  0
|  80|0x00000000a7600000, 0x00000000a7700000, 0x00000000a7700000|100%| E|CS|TAMS 0x00000000a7600000| PB 0x00000000a7600000| Complete |  0
|  81|0x00000000a7700000, 0x00000000a7800000, 0x00000000a7800000|100%| E|CS|TAMS 0x00000000a7700000| PB 0x00000000a7700000| Complete |  0
|  82|0x00000000a7800000, 0x00000000a7900000, 0x00000000a7900000|100%| E|CS|TAMS 0x00000000a7800000| PB 0x00000000a7800000| Complete |  0
|  83|0x00000000a7900000, 0x00000000a7a00000, 0x00000000a7a00000|100%| E|CS|TAMS 0x00000000a7900000| PB 0x00000000a7900000| Complete |  0
|  84|0x00000000a7a00000, 0x00000000a7b00000, 0x00000000a7b00000|100%| E|CS|TAMS 0x00000000a7a00000| PB 0x00000000a7a00000| Complete |  0
|  85|0x00000000a7b00000, 0x00000000a7c00000, 0x00000000a7c00000|100%| E|CS|TAMS 0x00000000a7b00000| PB 0x00000000a7b00000| Complete |  0
|  86|0x00000000a7c00000, 0x00000000a7d00000, 0x00000000a7d00000|100%| E|CS|TAMS 0x00000000a7c00000| PB 0x00000000a7c00000| Complete |  0
|  87|0x00000000a7d00000, 0x00000000a7e00000, 0x00000000a7e00000|100%| E|CS|TAMS 0x00000000a7d00000| PB 0x00000000a7d00000| Complete |  0
|  88|0x00000000a7e00000, 0x00000000a7f00000, 0x00000000a7f00000|100%| E|CS|TAMS 0x00000000a7e00000| PB 0x00000000a7e00000| Complete |  0
|  89|0x00000000a7f00000, 0x00000000a8000000, 0x00000000a8000000|100%| E|CS|TAMS 0x00000000a7f00000| PB 0x00000000a7f00000| Complete |  0
|  90|0x00000000a8000000, 0x00000000a8100000, 0x00000000a8100000|100%| E|CS|TAMS 0x00000000a8000000| PB 0x00000000a8000000| Complete |  0
|  91|0x00000000a8100000, 0x00000000a8200000, 0x00000000a8200000|100%| E|CS|TAMS 0x00000000a8100000| PB 0x00000000a8100000| Complete |  0
|  92|0x00000000a8200000, 0x00000000a8300000, 0x00000000a8300000|100%| E|CS|TAMS 0x00000000a8200000| PB 0x00000000a8200000| Complete |  0
|  93|0x00000000a8300000, 0x00000000a8400000, 0x00000000a8400000|100%| E|CS|TAMS 0x00000000a8300000| PB 0x00000000a8300000| Complete |  0

Card table byte_map: [0x0000016e69200000,0x0000016e694f0000] _byte_map_base: 0x0000016e68ced000

Marking Bits: (CMBitMap*) 0x0000016e512d4dd0
 Bits: [0x0000016e694f0000, 0x0000016e6ac58000)

Polling page: 0x0000016e4f100000

Metaspace:

Usage:
  Non-class:      7.04 MB used.
      Class:   1016.29 KB used.
       Both:      8.04 MB used.

Virtual space:
  Non-class space:       64.00 MB reserved,       7.19 MB ( 11%) committed,  1 nodes.
      Class space:        1.00 GB reserved,       1.12 MB ( <1%) committed,  1 nodes.
             Both:        1.06 GB reserved,       8.31 MB ( <1%) committed. 

Chunk freelists:
   Non-Class:  8.04 MB
       Class:  14.75 MB
        Both:  22.78 MB

MaxMetaspaceSize: unlimited
CompressedClassSpaceSize: 1.00 GB
Initial GC threshold: 21.00 MB
Current GC threshold: 21.00 MB
CDS: on
 - commit_granule_bytes: 65536.
 - commit_granule_words: 8192.
 - virtual_space_node_default_size: 8388608.
 - enlarge_chunks_in_place: 1.
 - use_allocation_guard: 0.


Internal statistics:

num_allocs_failed_limit: 0.
num_arena_births: 218.
num_arena_deaths: 0.
num_vsnodes_births: 2.
num_vsnodes_deaths: 0.
num_space_committed: 133.
num_space_uncommitted: 0.
num_chunks_returned_to_freelist: 0.
num_chunks_taken_from_freelist: 383.
num_chunk_merges: 0.
num_chunk_splits: 262.
num_chunks_enlarged: 193.
num_inconsistent_stats: 0.

CodeHeap 'non-profiled nmethods': size=120064Kb used=435Kb max_used=435Kb free=119628Kb
 bounds [0x0000016e61480000, 0x0000016e616f0000, 0x0000016e689c0000]
CodeHeap 'profiled nmethods': size=120000Kb used=1955Kb max_used=1955Kb free=118044Kb
 bounds [0x0000016e599c0000, 0x0000016e59c30000, 0x0000016e60ef0000]
CodeHeap 'non-nmethods': size=5696Kb used=1433Kb max_used=1438Kb free=4262Kb
 bounds [0x0000016e60ef0000, 0x0000016e61160000, 0x0000016e61480000]
CodeCache: size=245760Kb, used=3823Kb, max_used=3828Kb, free=241934Kb
 total_blobs=2079, nmethods=1547, adapters=438, full_count=0
Compilation: enabled, stopped_count=0, restarted_count=0

Compilation events (20 events):
Event: 6.147 Thread 0x0000016e6d8a3490 nmethod 1525 0x0000016e59b9e388 code [0x0000016e59b9e4a0, 0x0000016e59b9e5e0]
Event: 6.184 Thread 0x0000016e6d8996a0 1526       4       java.lang.CharacterDataLatin1::getProperties (11 bytes)
Event: 6.184 Thread 0x0000016e6d8a3490 1527       3       java.lang.CharacterDataLatin1::isWhitespace (23 bytes)
Event: 6.185 Thread 0x0000016e6d8a3490 nmethod 1527 0x0000016e59b9e688 code [0x0000016e59b9e7a0, 0x0000016e59b9e990]
Event: 6.185 Thread 0x0000016e6d8a3490 1528       3       jdk.jfr.internal.util.Tokenizer::isSeparator (39 bytes)
Event: 6.185 Thread 0x0000016e6d8996a0 nmethod 1526 0x0000016e614ec388 code [0x0000016e614ec480, 0x0000016e614ec528]
Event: 6.185 Thread 0x0000016e6d8996a0 1530       4       java.lang.Character::isWhitespace (5 bytes)
Event: 6.185 Thread 0x0000016e6d8a3490 nmethod 1528 0x0000016e59b9ea08 code [0x0000016e59b9eb40, 0x0000016e59b9ed60]
Event: 6.185 Thread 0x0000016e6d8a3490 1529       3       jdk.jfr.internal.util.Tokenizer::isQuoteCharacter (18 bytes)
Event: 6.185 Thread 0x0000016e6d8a3490 nmethod 1529 0x0000016e59b9ed88 code [0x0000016e59b9eea0, 0x0000016e59b9f028]
Event: 6.185 Thread 0x0000016e6d8a3490 1531       3       jdk.jfr.internal.util.Tokenizer::skipWhitespace (48 bytes)
Event: 6.187 Thread 0x0000016e6d8a3490 nmethod 1531 0x0000016e59b9f088 code [0x0000016e59b9f260, 0x0000016e59b9fba0]
Event: 6.187 Thread 0x0000016e6d8a3490 1533       3       jdk.jfr.internal.util.Tokenizer::accept (107 bytes)
Event: 6.187 Thread 0x0000016e6d8996a0 nmethod 1530 0x0000016e614ec688 code [0x0000016e614ec7a0, 0x0000016e614ec8b8]
Event: 6.187 Thread 0x0000016e6d8996a0 1532       4       java.util.ArrayList::add (25 bytes)
Event: 6.190 Thread 0x0000016e6d8a3490 nmethod 1533 0x0000016e59b9fc88 code [0x0000016e59b9ff60, 0x0000016e59ba1370]
Event: 6.190 Thread 0x0000016e6d8a3490 1535       3       jdk.jfr.internal.util.Tokenizer::findNext (69 bytes)
Event: 6.193 Thread 0x0000016e6d8a3490 nmethod 1535 0x0000016e59ba1408 code [0x0000016e59ba1620, 0x0000016e59ba2298]
Event: 6.193 Thread 0x0000016e6d8a3490 1534       3       jdk.jfr.internal.util.Tokenizer::next (175 bytes)
Event: 8.203 Thread 0x0000016e6d8a3490 nmethod 1534 0x0000016e59ba2388 code [0x0000016e59ba26e0, 0x0000016e59ba3fa0]

GC Heap History (0 events):
No events

Dll operation events (8 events):
Event: 0.115 Loaded shared library C:\Program Files\Java\jdk-23\bin\java.dll
Event: 1.552 Loaded shared library C:\Program Files\Java\jdk-23\bin\jsvml.dll
Event: 2.613 Loaded shared library C:\Program Files\Java\jdk-23\bin\net.dll
Event: 2.617 Loaded shared library C:\Program Files\Java\jdk-23\bin\nio.dll
Event: 3.150 Loaded shared library C:\Program Files\Java\jdk-23\bin\zip.dll
Event: 3.197 Loaded shared library C:\Program Files\Java\jdk-23\bin\jimage.dll
Event: 3.647 Loaded shared library C:\Program Files\Java\jdk-23\bin\management.dll
Event: 3.687 Loaded shared library C:\Program Files\Java\jdk-23\bin\management_ext.dll

Deoptimization events (20 events):
Event: 5.136 Thread 0x0000016e5128f670 DEOPT PACKING pc=0x0000016e614acd0c sp=0x0000000f676fe6c0
Event: 5.136 Thread 0x0000016e5128f670 DEOPT UNPACKING pc=0x0000016e60f44402 sp=0x0000000f676fe640 mode 2
Event: 5.144 Thread 0x0000016e5128f670 Uncommon trap: trap_request=0xffffffc6 fr.pc=0x0000016e614acd0c relative=0x00000000000003ac
Event: 5.144 Thread 0x0000016e5128f670 Uncommon trap: reason=bimorphic_or_optimized_type_check action=maybe_recompile pc=0x0000016e614acd0c method=java.util.concurrent.ConcurrentHashMap.get(Ljava/lang/Object;)Ljava/lang/Object; @ 149 c2
Event: 5.144 Thread 0x0000016e5128f670 DEOPT PACKING pc=0x0000016e614acd0c sp=0x0000000f676fe6c0
Event: 5.144 Thread 0x0000016e5128f670 DEOPT UNPACKING pc=0x0000016e60f44402 sp=0x0000000f676fe640 mode 2
Event: 5.164 Thread 0x0000016e5128f670 Uncommon trap: trap_request=0xffffffc6 fr.pc=0x0000016e614acd0c relative=0x00000000000003ac
Event: 5.164 Thread 0x0000016e5128f670 Uncommon trap: reason=bimorphic_or_optimized_type_check action=maybe_recompile pc=0x0000016e614acd0c method=java.util.concurrent.ConcurrentHashMap.get(Ljava/lang/Object;)Ljava/lang/Object; @ 149 c2
Event: 5.164 Thread 0x0000016e5128f670 DEOPT PACKING pc=0x0000016e614acd0c sp=0x0000000f676fe6c0
Event: 5.164 Thread 0x0000016e5128f670 DEOPT UNPACKING pc=0x0000016e60f44402 sp=0x0000000f676fe640 mode 2
Event: 5.738 Thread 0x0000016e5128f670 Uncommon trap: trap_request=0xffffff45 fr.pc=0x0000016e614b71f0 relative=0x0000000000000e90
Event: 5.738 Thread 0x0000016e5128f670 Uncommon trap: reason=unstable_if action=reinterpret pc=0x0000016e614b71f0 method=java.util.concurrent.ConcurrentHashMap.putVal(Ljava/lang/Object;Ljava/lang/Object;Z)Ljava/lang/Object; @ 148 c2
Event: 5.738 Thread 0x0000016e5128f670 DEOPT PACKING pc=0x0000016e614b71f0 sp=0x0000000f676fe460
Event: 5.738 Thread 0x0000016e5128f670 DEOPT UNPACKING pc=0x0000016e60f44402 sp=0x0000000f676fe3e0 mode 2
Event: 5.754 Thread 0x0000016e5128f670 DEOPT PACKING pc=0x0000016e59a38c0d sp=0x0000000f676fdf70
Event: 5.754 Thread 0x0000016e5128f670 DEOPT UNPACKING pc=0x0000016e60f44b22 sp=0x0000000f676fd3c0 mode 0
Event: 6.183 Thread 0x0000016e5128f670 Uncommon trap: trap_request=0xffffff45 fr.pc=0x0000016e614cad8c relative=0x000000000000008c
Event: 6.183 Thread 0x0000016e5128f670 Uncommon trap: reason=unstable_if action=reinterpret pc=0x0000016e614cad8c method=java.lang.CharacterDataLatin1.isWhitespace(I)Z @ 14 c2
Event: 6.183 Thread 0x0000016e5128f670 DEOPT PACKING pc=0x0000016e614cad8c sp=0x0000000f676fd6e0
Event: 6.183 Thread 0x0000016e5128f670 DEOPT UNPACKING pc=0x0000016e60f44402 sp=0x0000000f676fd650 mode 2

Classes loaded (20 events):
Event: 6.177 Loading class java/lang/StringLatin1$LinesSpliterator
Event: 6.177 Loading class java/lang/StringLatin1$LinesSpliterator done
Event: 6.178 Loading class java/util/ImmutableCollections$Access
Event: 6.178 Loading class java/util/ImmutableCollections$Access done
Event: 6.178 Loading class java/util/ImmutableCollections$Access$1
Event: 6.178 Loading class jdk/internal/access/JavaUtilCollectionAccess
Event: 6.178 Loading class jdk/internal/access/JavaUtilCollectionAccess done
Event: 6.178 Loading class java/util/ImmutableCollections$Access$1 done
Event: 6.179 Loading class jdk/jfr/internal/query/ViewPrinter
Event: 6.180 Loading class jdk/jfr/internal/query/ViewPrinter done
Event: 6.180 Loading class jdk/jfr/internal/util/Columnizer
Event: 6.181 Loading class jdk/jfr/internal/util/Columnizer done
Event: 6.181 Loading class jdk/jfr/internal/query/ViewFile
Event: 6.181 Loading class jdk/jfr/internal/query/ViewFile done
Event: 6.183 Loading class jdk/jfr/internal/util/Tokenizer
Event: 6.183 Loading class jdk/jfr/internal/util/Tokenizer done
Event: 6.183 Loading class jdk/jfr/internal/query/ViewFile$ViewConfiguration
Event: 6.184 Loading class jdk/jfr/internal/query/ViewFile$ViewConfiguration done
Event: 6.189 Loading class jdk/jfr/internal/util/Columnizer$Column
Event: 6.190 Loading class jdk/jfr/internal/util/Columnizer$Column done

Classes unloaded (0 events):
No events

Classes redefined (0 events):
No events

Internal exceptions (20 events):
Event: 3.242 Thread 0x0000016e5128f670 Exception <a 'java/lang/NoSuchMethodError'{0x00000000a81a4538}: 'void java.lang.invoke.DirectMethodHandle$Holder.invokeSpecial(java.lang.Object, java.lang.Object, java.lang.Object, java.lang.Object, java.lang.Object)'> (0x00000000a81a4538) 
thrown [s\open\src\hotspot\share\interpreter\linkResolver.cpp, line 796]
Event: 3.562 Thread 0x0000016e5128f670 Exception <a 'java/lang/NoSuchMethodError'{0x00000000a7d2e170}: 'java.lang.Object java.lang.invoke.Invokers$Holder.invokeExact_MT(java.lang.Object, java.lang.Object, java.lang.Object, java.lang.Object, java.lang.Object)'> (0x00000000a7d2e170) 
thrown [s\open\src\hotspot\share\interpreter\linkResolver.cpp, line 796]
Event: 3.749 Thread 0x0000016e5128f670 Exception <a 'java/lang/NoSuchMethodError'{0x00000000a7d98760}: 'int java.lang.invoke.DirectMethodHandle$Holder.invokeSpecial(java.lang.Object, java.lang.Object, java.lang.Object)'> (0x00000000a7d98760) 
thrown [s\open\src\hotspot\share\interpreter\linkResolver.cpp, line 796]
Event: 3.890 Thread 0x0000016e5128f670 Exception <a 'java/lang/NoSuchMethodError'{0x00000000a7c35710}: 'void java.lang.invoke.DirectMethodHandle$Holder.invokeStatic(java.lang.Object, java.lang.Object, java.lang.Object, java.lang.Object)'> (0x00000000a7c35710) 
thrown [s\open\src\hotspot\share\interpreter\linkResolver.cpp, line 796]
Event: 3.891 Thread 0x0000016e5128f670 Exception <a 'java/lang/NoSuchMethodError'{0x00000000a7c39160}: 'void java.lang.invoke.DirectMethodHandle$Holder.invokeStaticInit(java.lang.Object, java.lang.Object, java.lang.Object, java.lang.Object)'> (0x00000000a7c39160) 
thrown [s\open\src\hotspot\share\interpreter\linkResolver.cpp, line 796]
Event: 4.012 Thread 0x0000016e5128f670 Exception <a 'java/lang/NoSuchMethodError'{0x00000000a7b1d7d0}: 'java.lang.Object java.lang.invoke.DirectMethodHandle$Holder.invokeInterface(java.lang.Object, java.lang.Object)'> (0x00000000a7b1d7d0) 
thrown [s\open\src\hotspot\share\interpreter\linkResolver.cpp, line 796]
Event: 4.645 Thread 0x0000016e5128f670 Exception <a 'java/lang/NoSuchMethodError'{0x00000000a77a6250}: 'java.lang.Object java.lang.invoke.DirectMethodHandle$Holder.newInvokeSpecial(java.lang.Object, long, int, java.lang.Object)'> (0x00000000a77a6250) 
thrown [s\open\src\hotspot\share\interpreter\linkResolver.cpp, line 796]
Event: 4.846 Thread 0x0000016e5128f670 Exception <a 'java/lang/NoSuchMethodError'{0x00000000a7608c18}: 'void java.lang.invoke.DirectMethodHandle$Holder.invokeSpecial(java.lang.Object, java.lang.Object, java.lang.Object)'> (0x00000000a7608c18) 
thrown [s\open\src\hotspot\share\interpreter\linkResolver.cpp, line 796]
Event: 4.861 Thread 0x0000016e5128f670 Exception <a 'java/lang/NoSuchMethodError'{0x00000000a7612198}: 'void java.lang.invoke.DirectMethodHandle$Holder.invokeStatic(java.lang.Object, int, java.lang.Object)'> (0x00000000a7612198) 
thrown [s\open\src\hotspot\share\interpreter\linkResolver.cpp, line 796]
Event: 5.209 Thread 0x0000016e5128f670 Exception <a 'java/lang/NoSuchMethodError'{0x00000000a74164a0}: 'java.lang.Object java.lang.invoke.DirectMethodHandle$Holder.invokeStatic(java.lang.Object, java.lang.Object, java.lang.Object, java.lang.Object, int)'> (0x00000000a74164a0) 
thrown [s\open\src\hotspot\share\interpreter\linkResolver.cpp, line 796]
Event: 5.212 Thread 0x0000016e5128f670 Exception <a 'java/lang/NoSuchMethodError'{0x00000000a74221a8}: 'java.lang.Object java.lang.invoke.DelegatingMethodHandle$Holder.reinvoke_L(java.lang.Object, int, java.lang.Object, java.lang.Object, java.lang.Object, java.lang.Object, java.lang.Object, java.lang.Object, java.lang.Object)'> (0x00000000a74221a8) 
thrown [s\open\src\hotspot\share\interpreter\linkResolver.cpp, line 796]
Event: 5.257 Thread 0x0000016e5128f670 Exception <a 'java/lang/NoSuchMethodError'{0x00000000a74524d0}: 'java.lang.Object java.lang.invoke.DirectMethodHandle$Holder.invokeStatic(java.lang.Object, java.lang.Object, int)'> (0x00000000a74524d0) 
thrown [s\open\src\hotspot\share\interpreter\linkResolver.cpp, line 796]
Event: 5.267 Thread 0x0000016e5128f670 Exception <a 'java/lang/NoSuchMethodError'{0x00000000a745db80}: 'void java.lang.invoke.DelegatingMethodHandle$Holder.delegate(java.lang.Object, java.lang.Object, int, java.lang.Object)'> (0x00000000a745db80) 
thrown [s\open\src\hotspot\share\interpreter\linkResolver.cpp, line 796]
Event: 5.400 Thread 0x0000016e5128f670 Exception <a 'java/lang/NoSuchMethodError'{0x00000000a732f008}: 'void java.lang.invoke.Invokers$Holder.invokeExact_MT(java.lang.Object, java.lang.Object, java.lang.Object, java.lang.Object)'> (0x00000000a732f008) 
thrown [s\open\src\hotspot\share\interpreter\linkResolver.cpp, line 796]
Event: 5.424 Thread 0x0000016e5128f670 Exception <a 'java/lang/NoSuchMethodError'{0x00000000a7345d90}: 'void java.lang.invoke.DelegatingMethodHandle$Holder.reinvoke_L(java.lang.Object, java.lang.Object, int)'> (0x00000000a7345d90) 
thrown [s\open\src\hotspot\share\interpreter\linkResolver.cpp, line 796]
Event: 5.428 Thread 0x0000016e5128f670 Exception <a 'java/lang/NoSuchMethodError'{0x00000000a734c640}: 'int java.lang.invoke.Invokers$Holder.invokeExact_MT(java.lang.Object, java.lang.Object, java.lang.Object)'> (0x00000000a734c640) 
thrown [s\open\src\hotspot\share\interpreter\linkResolver.cpp, line 796]
Event: 5.561 Thread 0x0000016e5128f670 Exception <a 'java/lang/NoSuchMethodError'{0x00000000a7221988}: 'int java.lang.invoke.DirectMethodHandle$Holder.invokeStaticInit(java.lang.Object, java.lang.Object, java.lang.Object)'> (0x00000000a7221988) 
thrown [s\open\src\hotspot\share\interpreter\linkResolver.cpp, line 796]
Event: 5.946 Thread 0x0000016e5128f670 Exception <a 'java/lang/NoSuchMethodError'{0x00000000a701b400}: 'int java.lang.invoke.DirectMethodHandle$Holder.invokeInterface(java.lang.Object, java.lang.Object)'> (0x00000000a701b400) 
thrown [s\open\src\hotspot\share\interpreter\linkResolver.cpp, line 796]
Event: 5.947 Thread 0x0000016e5128f670 Exception <a 'java/lang/IncompatibleClassChangeError'{0x00000000a701e628}: Found class java.lang.Object, but interface was expected> (0x00000000a701e628) 
thrown [s\open\src\hotspot\share\interpreter\linkResolver.cpp, line 863]
Event: 5.948 Thread 0x0000016e5128f670 Exception <a 'java/lang/NoSuchMethodError'{0x00000000a7023848}: 'void java.lang.invoke.DirectMethodHandle$Holder.invokeStatic(java.lang.Object, java.lang.Object)'> (0x00000000a7023848) 
thrown [s\open\src\hotspot\share\interpreter\linkResolver.cpp, line 796]

VM Operations (10 events):
Event: 3.153 Executing VM operation: HandshakeAllThreads (Deoptimize)
Event: 3.153 Executing VM operation: HandshakeAllThreads (Deoptimize) done
Event: 3.400 Executing VM operation: HandshakeAllThreads (Deoptimize)
Event: 3.400 Executing VM operation: HandshakeAllThreads (Deoptimize) done
Event: 3.513 Executing VM operation: HandshakeAllThreads (Deoptimize)
Event: 3.513 Executing VM operation: HandshakeAllThreads (Deoptimize) done
Event: 3.513 Executing VM operation: HandshakeAllThreads (Deoptimize)
Event: 3.514 Executing VM operation: HandshakeAllThreads (Deoptimize) done
Event: 5.226 Executing VM operation: HandshakeAllThreads (Deoptimize)
Event: 5.256 Executing VM operation: HandshakeAllThreads (Deoptimize) done

Memory protections (0 events):
No events

Nmethod flushes (0 events):
No events

Events (13 events):
Event: 1.457 Thread 0x0000016e5128f670 Thread added: 0x0000016e5128f670
Event: 1.520 Thread 0x0000016e5128f670 Thread added: 0x0000016e6d87bb70
Event: 1.521 Thread 0x0000016e5128f670 Thread added: 0x0000016e6d87f6f0
Event: 1.523 Thread 0x0000016e5128f670 Thread added: 0x0000016e6d886960
Event: 1.523 Thread 0x0000016e5128f670 Thread added: 0x0000016e6d8893d0
Event: 1.523 Thread 0x0000016e5128f670 Thread added: 0x0000016e6d88b2f0
Event: 1.523 Thread 0x0000016e5128f670 Thread added: 0x0000016e6d88d8d0
Event: 1.525 Thread 0x0000016e5128f670 Thread added: 0x0000016e6d8996a0
Event: 1.527 Thread 0x0000016e5128f670 Thread added: 0x0000016e6d8a3490
Event: 2.593 Thread 0x0000016e5128f670 Thread added: 0x0000016e4511f540
Event: 2.599 Thread 0x0000016e5128f670 Thread added: 0x0000016e45128600
Event: 5.760 Thread 0x0000016e5128f670 Thread added: 0x0000016e45992db0
Event: 5.765 Thread 0x0000016e45992db0 Thread exited: 0x0000016e45992db0


Dynamic libraries:
0x00007ff6d0ef0000 - 0x00007ff6d0f00000 	C:\Program Files\Java\jdk-23\bin\java.exe
0x00007fff6ace0000 - 0x00007fff6af49000 	C:\WINDOWS\SYSTEM32\ntdll.dll
0x00007fff69eb0000 - 0x00007fff69f79000 	C:\WINDOWS\System32\KERNEL32.DLL
0x00007fff68490000 - 0x00007fff68883000 	C:\WINDOWS\System32\KERNELBASE.dll
0x00007fff68210000 - 0x00007fff6835b000 	C:\WINDOWS\System32\ucrtbase.dll
0x00007fff5d0a0000 - 0x00007fff5d0b7000 	C:\Program Files\Java\jdk-23\bin\jli.dll
0x00007fff5d080000 - 0x00007fff5d09b000 	C:\Program Files\Java\jdk-23\bin\VCRUNTIME140.dll
0x00007fff6aad0000 - 0x00007fff6ac94000 	C:\WINDOWS\System32\USER32.dll
0x00007fff681e0000 - 0x00007fff68207000 	C:\WINDOWS\System32\win32u.dll
0x00007fff69a20000 - 0x00007fff69a4b000 	C:\WINDOWS\System32\GDI32.dll
0x00007fff68360000 - 0x00007fff6848d000 	C:\WINDOWS\System32\gdi32full.dll
0x00007fff68890000 - 0x00007fff68933000 	C:\WINDOWS\System32\msvcp_win.dll
0x00007fff51a50000 - 0x00007fff51ce3000 	C:\WINDOWS\WinSxS\amd64_microsoft.windows.common-controls_6595b64144ccf1df_6.0.26100.5074_none_3e0d6f78e32fd63f\COMCTL32.dll
0x00007fff6a9a0000 - 0x00007fff6aa49000 	C:\WINDOWS\System32\msvcrt.dll
0x00007fff69560000 - 0x00007fff6958f000 	C:\WINDOWS\System32\IMM32.DLL
0x00007fff64850000 - 0x00007fff6485c000 	C:\Program Files\Java\jdk-23\bin\vcruntime140_1.dll
0x00007fff1fbf0000 - 0x00007fff1fc7e000 	C:\Program Files\Java\jdk-23\bin\msvcp140.dll
0x00007ffeb4e30000 - 0x00007ffeb5b7f000 	C:\Program Files\Java\jdk-23\bin\server\jvm.dll
0x00007fff68ab0000 - 0x00007fff68b64000 	C:\WINDOWS\System32\ADVAPI32.dll
0x00007fff6a5d0000 - 0x00007fff6a676000 	C:\WINDOWS\System32\sechost.dll
0x00007fff6a6a0000 - 0x00007fff6a7b8000 	C:\WINDOWS\System32\RPCRT4.dll
0x00007fff69d50000 - 0x00007fff69dc4000 	C:\WINDOWS\System32\WS2_32.dll
0x00007fff67cd0000 - 0x00007fff67d2e000 	C:\WINDOWS\SYSTEM32\POWRPROF.dll
0x00007fff5f790000 - 0x00007fff5f7c5000 	C:\WINDOWS\SYSTEM32\WINMM.dll
0x00007fff60180000 - 0x00007fff6018b000 	C:\WINDOWS\SYSTEM32\VERSION.dll
0x00007fff67cb0000 - 0x00007fff67cc4000 	C:\WINDOWS\SYSTEM32\UMPDC.dll
0x00007fff66c50000 - 0x00007fff66c6b000 	C:\WINDOWS\SYSTEM32\kernel.appcore.dll
0x00007fff642d0000 - 0x00007fff642da000 	C:\Program Files\Java\jdk-23\bin\jimage.dll
0x00007fff65840000 - 0x00007fff65a82000 	C:\WINDOWS\SYSTEM32\DBGHELP.DLL
0x00007fff695a0000 - 0x00007fff6991b000 	C:\WINDOWS\System32\combase.dll
0x00007fff69dd0000 - 0x00007fff69ea7000 	C:\WINDOWS\System32\OLEAUT32.dll
0x00007fff51800000 - 0x00007fff5183d000 	C:\WINDOWS\SYSTEM32\dbgcore.DLL
0x00007fff67e70000 - 0x00007fff67f09000 	C:\WINDOWS\System32\bcryptPrimitives.dll
0x00007fff48d30000 - 0x00007fff48d4e000 	C:\Program Files\Java\jdk-23\bin\java.dll
0x00007fff69a50000 - 0x00007fff69be8000 	C:\WINDOWS\System32\ole32.dll
0x00007fff68e00000 - 0x00007fff6954d000 	C:\WINDOWS\System32\SHELL32.dll
0x00007fff68940000 - 0x00007fff68aac000 	C:\WINDOWS\System32\wintypes.dll
0x00007fff65ad0000 - 0x00007fff66329000 	C:\WINDOWS\SYSTEM32\windows.storage.dll
0x00007fff68be0000 - 0x00007fff68cd0000 	C:\WINDOWS\System32\SHCORE.dll
0x00007fff68b70000 - 0x00007fff68bd2000 	C:\WINDOWS\System32\shlwapi.dll
0x00007fff67d90000 - 0x00007fff67db9000 	C:\WINDOWS\SYSTEM32\profapi.dll
0x00007fff1e970000 - 0x00007fff1ea47000 	C:\Program Files\Java\jdk-23\bin\jsvml.dll
0x00007fff5bc80000 - 0x00007fff5bc90000 	C:\Program Files\Java\jdk-23\bin\net.dll
0x00007fff671d0000 - 0x00007fff6723b000 	C:\WINDOWS\system32\mswsock.dll
0x00007fff370f0000 - 0x00007fff37106000 	C:\Program Files\Java\jdk-23\bin\nio.dll
0x00007fff34fe0000 - 0x00007fff34ff7000 	C:\Program Files\Java\jdk-23\bin\zip.dll
0x00007fff5b910000 - 0x00007fff5b91a000 	C:\Program Files\Java\jdk-23\bin\management.dll
0x00007fff56050000 - 0x00007fff5605b000 	C:\Program Files\Java\jdk-23\bin\management_ext.dll
0x00007fff6a570000 - 0x00007fff6a578000 	C:\WINDOWS\System32\PSAPI.DLL
0x00007fff3f9b0000 - 0x00007fff3f9c8000 	C:\WINDOWS\system32\napinsp.dll
0x00007fff666e0000 - 0x00007fff66806000 	C:\WINDOWS\SYSTEM32\DNSAPI.dll
0x00007fff66650000 - 0x00007fff66684000 	C:\WINDOWS\SYSTEM32\IPHLPAPI.DLL
0x00007fff69550000 - 0x00007fff6955a000 	C:\WINDOWS\System32\NSI.dll
0x00007fff3f990000 - 0x00007fff3f9a2000 	C:\WINDOWS\System32\winrnr.dll
0x00007fff3ec70000 - 0x00007fff3ec98000 	C:\WINDOWS\system32\nlansp_c.dll
0x00007fff5d430000 - 0x00007fff5d446000 	C:\WINDOWS\system32\wshbth.dll
0x00007fff60170000 - 0x00007fff6017b000 	C:\Windows\System32\rasadhlp.dll
0x00007fff5c740000 - 0x00007fff5c7c6000 	C:\WINDOWS\System32\fwpuclnt.dll

dbghelp: loaded successfully - version: 4.0.5 - missing functions: none
symbol engine: initialized successfully - sym options: 0x614 - pdb path: .;C:\Program Files\Java\jdk-23\bin;C:\WINDOWS\SYSTEM32;C:\WINDOWS\WinSxS\amd64_microsoft.windows.common-controls_6595b64144ccf1df_6.0.26100.5074_none_3e0d6f78e32fd63f;C:\Program Files\Java\jdk-23\bin\server

VM Arguments:
jvm_args: -Dfile.encoding=UTF-8 -Ddb2.jcc.charsetDecoderEncoder=3 
java_command: com.ibm.db2.server.DssLauncher 3000 off c:\Users\mavis\AppData\Roaming\Code\logs\20251022T164205\window6\exthost\IBM.db2forzosdeveloperextension -Xmx256M
java_class_path (initial): c:\Users\mavis\.vscode\extensions\ibm.db2forzosdeveloperextension-2.2.4\dist\dss-dist-1-SNAPSHOT.jar;;c:\Users\mavis\.vscode\extensions\ibm.db2forzosdeveloperextension-2.2.4\lib\db2jcc4.jar;c:\Users\mavis\.vscode\extensions\ibm.db2forzosdeveloperextension-2.2.4\lib\sqlj4.zip
Launcher Type: SUN_STANDARD

[Global flags]
     intx CICompilerCount                          = 4                                         {product} {ergonomic}
     uint ConcGCThreads                            = 3                                         {product} {ergonomic}
     uint G1ConcRefinementThreads                  = 10                                        {product} {ergonomic}
   size_t G1HeapRegionSize                         = 1048576                                   {product} {ergonomic}
   size_t InitialHeapSize                          = 98566144                                  {product} {ergonomic}
   size_t MarkStackSize                            = 4194304                                   {product} {ergonomic}
   size_t MarkStackSizeMax                         = 536870912                                 {product} {ergonomic}
   size_t MaxHeapSize                              = 1570766848                                {product} {ergonomic}
   size_t MaxNewSize                               = 941621248                                 {product} {ergonomic}
   size_t MinHeapDeltaBytes                        = 1048576                                   {product} {ergonomic}
   size_t MinHeapSize                              = 8388608                                   {product} {ergonomic}
    uintx NonNMethodCodeHeapSize                   = 5832704                                {pd product} {ergonomic}
    uintx NonProfiledCodeHeapSize                  = 122945536                              {pd product} {ergonomic}
    uintx ProfiledCodeHeapSize                     = 122880000                              {pd product} {ergonomic}
    uintx ReservedCodeCacheSize                    = 251658240                              {pd product} {ergonomic}
     bool SegmentedCodeCache                       = true                                      {product} {ergonomic}
   size_t SoftMaxHeapSize                          = 1570766848                             {manageable} {ergonomic}
     bool UseCompressedOops                        = true                           {product lp64_product} {ergonomic}
     bool UseG1GC                                  = true                                      {product} {ergonomic}
     bool UseLargePagesIndividualAllocation        = false                                  {pd product} {ergonomic}

Logging:
Log output configuration:
 #0: stdout all=warning uptime,level,tags foldmultilines=false
 #1: stderr all=off uptime,level,tags foldmultilines=false

Environment Variables:
PATH=C:\Python313\Scripts\;C:\Python313\;C:\Program Files\Eclipse Adoptium\jdk-17.0.15.6-hotspot\bin;C:\app\mavis\product\23ai\dbhomeFree\bin;C:\Program Files\Common Files\Oracle\Java\javapath;C:\WINDOWS\system32;C:\WINDOWS;C:\WINDOWS\System32\Wbem;C:\WINDOWS\System32\WindowsPowerShell\v1.0\;C:\WINDOWS\System32\OpenSSH\;C:\Program Files\Git\cmd;C:\Users\mavis\Downloads\mysql-9.1.0-winx64.msi;C:\Program Files\MySQL\MySQL Server 8.0\bin;C:\ProgramData\chocolatey\bin;C:\Users\mavis\Downloads\apache-maven-3.9.9-bin\apache-maven-3.9.9\bin;C:\Users\mavis\Downloads\apache-maven-3.9.9-bin\apache-maven-3.9.9;C:\Program Files\GitHub CLI\;C:\Program Files\dotnet\;C:\Users\mavis\AppData\Local\Programs\Python\Python311;C:\Users\mavis\AppData\Local\Programs\Python\Python311\Scripts;;C:\Program Files\Docker\Docker\resources\bin;C:\Program Files\nodejs\;C:\Users\mavis\.pyenv\\bin;C:\Users\mavis\.pyenv\\shims;C:\Python313\Scripts\;C:\Python313\;C:\app\mavis\product\23ai\dbhomeFree\bin;C:\Program Files\Common Files\Oracle\Java\javapath;C:\Windows\system32;C:\Windows;C:\Windows\System32\Wbem;C:\Windows\System32\WindowsPowerShell\v1.0\;C:\Windows\System32\OpenSSH\;C:\Program Files\Git\cmd;C:\Users\mavis\Downloads\mysql-9.1.0-winx64.msi;C:\Program Files\MySQL\MySQL Server 8.0\bin;C:\ProgramData\chocolatey\bin;C:\Program Files\nodejs\;C:\Users\mavis\Downloads\apache-maven-3.9.9-bin\apache-maven-3.9.9\bin;C:\Users\mavis\Downloads\apache-maven-3.9.9-bin\apache-maven-3.9.9;C:\Program Files\GitHub CLI\;C:\Program Files\dotnet\;C:\Program Files\MySQL\MySQL Shell 8.0\bin\;C:\Users\mavis\AppData\Local\Microsoft\WindowsApps;C:\Users\mavis\AppData\Local\Programs\Microsoft VS Code\bin;C:\Users\mavis\AppData\Local\Microsoft\WinGet\Packages\Schniz.fnm_Microsoft.Winget.Source_8wekyb3d8bbwe;C:\Users\mavis\AppData\Local\Programs\Windsurf\bin;C:\Users\mavis\.dotnet\tools;C:\Users\mavis\AppData\Local\Microsoft\WinGet\Links;C:\Users\mavis\AppData\Roaming\npm;C:\Users\mavis\AppData\Local\Microsoft\WindowsApps;
USERNAME=mavis
OS=Windows_NT
PROCESSOR_IDENTIFIER=AMD64 Family 23 Model 104 Stepping 1, AuthenticAMD
TMP=C:\Users\mavis\AppData\Local\Temp
TEMP=C:\Users\mavis\AppData\Local\Temp




Periodic native trim disabled

---------------  S Y S T E M  ---------------

OS:
 Windows 11 , 64 bit Build 26100 (10.0.26100.5074)
OS uptime: 25 days 0:11 hours
Hyper-V role detected

CPU: total 12 (initial active 12) (12 cores per cpu, 2 threads per core) family 23 model 104 stepping 1 microcode 0x8608103, cx8, cmov, fxsr, ht, mmx, 3dnowpref, sse, sse2, sse3, ssse3, sse4a, sse4.1, sse4.2, popcnt, lzcnt, tsc, tscinvbit, avx, avx2, aes, clmul, bmi1, bmi2, adx, sha, fma, vzeroupper, clflush, clflushopt, hv, rdtscp, rdpid, f16c
Processor Information for processor 0
  Max Mhz: 2100, Current Mhz: 2100, Mhz Limit: 2100
Processor Information for processor 1
  Max Mhz: 2100, Current Mhz: 2100, Mhz Limit: 2100
Processor Information for processor 2
  Max Mhz: 2100, Current Mhz: 2100, Mhz Limit: 2100
Processor Information for processor 3
  Max Mhz: 2100, Current Mhz: 2100, Mhz Limit: 2100
Processor Information for processor 4
  Max Mhz: 2100, Current Mhz: 2100, Mhz Limit: 2100
Processor Information for processor 5
  Max Mhz: 2100, Current Mhz: 1988, Mhz Limit: 2100
Processor Information for processor 6
  Max Mhz: 2100, Current Mhz: 2100, Mhz Limit: 2100
Processor Information for processor 7
  Max Mhz: 2100, Current Mhz: 2100, Mhz Limit: 2100
Processor Information for processor 8
  Max Mhz: 2100, Current Mhz: 2100, Mhz Limit: 2100
Processor Information for processor 9
  Max Mhz: 2100, Current Mhz: 1988, Mhz Limit: 2100
Processor Information for processor 10
  Max Mhz: 2100, Current Mhz: 1988, Mhz Limit: 2100
Processor Information for processor 11
  Max Mhz: 2100, Current Mhz: 2100, Mhz Limit: 2100

Memory: 4k page, system-wide physical 5989M (972M free)
TotalPageFile size 24421M (AvailPageFile size 0M)
current process WorkingSet (physical memory assigned to process): 69M, peak: 69M
current process commit charge ("private bytes"): 194M, peak: 194M

vm_info: Java HotSpot(TM) 64-Bit Server VM (23.0.1+11-39) for windows-amd64 JRE (23.0.1+11-39), built on 2024-09-30T07:20:43Z with MS VC++ 17.6 (VS2022)

END.
